Set up traps...
ssh-agent started  and private key present.
Recreate keyspaces for Air...
Wait for Scylla to start on DBNode1...
3
Scylla cluster ready
Create keyspaces...
Welcome to Ubuntu 22.04.2 LTS (GNU/Linux 5.15.0-70-generic x86_64)

 * Documentation:  https://help.ubuntu.com
 * Management:     https://landscape.canonical.com
 * Support:        https://ubuntu.com/advantage

  System information as of Sun Aug 20 06:39:42 PM UTC 2023

  System load:              0.60986328125
  Usage of /:               39.2% of 149.92GB
  Memory usage:             93%
  Swap usage:               0%
  Processes:                159
  Users logged in:          0
  IPv4 address for docker0: 172.17.0.1
  IPv4 address for enp7s0:  10.0.0.2
  IPv4 address for eth0:    49.13.16.214
  IPv6 address for eth0:    2a01:4f8:c012:4d0c::1

 * Strictly confined Kubernetes makes edge and IoT secure. Learn how MicroK8s
   just raised the bar for easy, resilient and secure K8s cluster deployment.

   https://ubuntu.com/engage/secure-kubernetes-at-the-edge

Expanded Security Maintenance for Applications is not enabled.

54 updates can be applied immediately.
To see these additional updates run: apt list --upgradable

Enable ESM Apps to receive additional future security updates.
See https://ubuntu.com/esm or run: sudo pro status


*** System restart required ***
Drop scylla snapshots to clear not used disk space...
Clearing snapshots on Node: DBNode1
Requested clearing snapshot(s) for [all keyspaces]
Clearing snapshots on Node: DBNode2
Requested clearing snapshot(s) for [all keyspaces]
Clearing snapshots on Node: DBNode3
Requested clearing snapshot(s) for [all keyspaces]
Drop airc-backoffice2 container...
bo-alpha
bo-alpha
bo-alpha
Container bo-alpha removed remotely.
Update airc-backoffice2 image...
alpha: Pulling from untillpro/airc-backoffice2
Digest: sha256:a9d79ec6e1864720a6d01db19deb44228b5a423c4380f35938383eb5c839e829
Status: Image is up to date for untillpro/airc-backoffice2:alpha
docker.io/untillpro/airc-backoffice2:alpha
Deploy airc-backoffice2 image...
0514af57ea987b66deafcc4ddba710390e3ea7db7f92ffb2e4d7ae44f039a497
Drop airs-bp container...
airs-bp
airs-bp
airs-bp
Container airs-bp removed remotely.
pkill airs-bp process...
Prepare and run airs-bp container...
Update airs-bp image...
alpha: Pulling from untillpro/airs-bp
Digest: sha256:8a4ae23da70c6484bfa685f5b658dd271dd6fa235d94ae061e18723f39ef2d82
Status: Image is up to date for untillpro/airs-bp:alpha
docker.io/untillpro/airs-bp:alpha
Deploy airs-bp container image...
863ad88200699ec623356b6195a938c818bc786ab680e0e59e4358b22977a358
Copy secrets...
Run airs-bp...
BP3 started
Wait for airs-bp initialization..
Still wait for Air initialization..
Still wait for Air initialization..
Still wait for Air initialization..
Air initialization success
Air service is up!
Get secretKeyJWT from AppNode service...
Secret key installed with success.
Drop abomber container...
Container abomber not found locally.
pkill abomber executable...
Update abomber container image...
alpha: Pulling from untillpro/abomber
Digest: sha256:b1f83b29cedbd5014ca92ac3b76eae2e45f7e8dd48c4f484d1edf92b589f8a28
Status: Image is up to date for untillpro/abomber:alpha
docker.io/untillpro/abomber:alpha
Prepare result folders...
Save airs-bp version...
Save scylla.yaml...
Iterate over Scylla nodes and store dc configs...
abomber init, using container...
Fork wait_and_get_profiles...
Sleep 1m...
abomber sales, using container...
Get debug info.
profile
08/20 18:42:28.905: ===: [main.salesGoroutine:107]: sales created in workspace 140737488486400 for day 0
Save and process profiles...
Performance test is done
Ref. git.log for details about commit and push
