2023.08.24 17:49: Set up traps...
ssh-agent started  and private key present.
2023.08.24 17:49: Arguments:
2023.08.24 17:49:   env_LOGNAME=root
2023.08.24 17:49:   env_RESULTS_FOLDER=/root/tmp/inv-pull
2023.08.24 17:49:   env_NUMLOGINS=1
2023.08.24 17:49:   env_QP=1
2023.08.24 17:49:   env_CP=1
2023.08.24 17:49:   env_DC=dc1
2023.08.24 17:49:   env_DURATION=2m
2023.08.24 17:49:   env_OPERDAY=2000
2023.08.24 17:49:   env_SOURCES_FOLDER=/root/sources
2023.08.24 17:49:   env_BP3_COMMIT=
2023.08.24 17:49:   env_ABOMBER_COMMIT=
2023.08.24 17:49:   const_RESULT_FOLDER=/root/tmp/inv-pull/202308241749
2023.08.24 17:49:   parent_of_RESULT_FOLDER=/root/tmp/inv-pull
2023.08.24 17:49:   const_ERROR_FILE=/root/tmp/inv-pull/202308241749/error.txt
2023.08.24 17:49:   const_STDOUT_FILE=/root/tmp/inv-pull/202308241749/bash.log
2023.08.24 17:49:   const_SCYLLA_NODES=DBNode1,DBNode2,DBNode3
2023.08.24 17:49:   const_BP_NODE=AppNode
2023.08.24 17:49:   const_BP3_EXEC_IMAGE_NAME=airs-bp
2023.08.24 17:49:   const_BP3_LOG=airs-bp_log.txt
2023.08.24 17:49:   const_ABOMBER_EXEC_IMAGE=abomber
2023.08.24 17:49: Recreate keyspaces for Air...
Wait for Scylla to start on DBNode1...
3
Scylla cluster ready
Create keyspaces...
Welcome to Ubuntu 22.04.2 LTS (GNU/Linux 5.15.0-70-generic x86_64)

 * Documentation:  https://help.ubuntu.com
 * Management:     https://landscape.canonical.com
 * Support:        https://ubuntu.com/advantage

  System information as of Thu Aug 24 05:49:37 PM UTC 2023

  System load:              0.41064453125
  Usage of /:               55.0% of 149.92GB
  Memory usage:             93%
  Swap usage:               0%
  Processes:                157
  Users logged in:          0
  IPv4 address for docker0: 172.17.0.1
  IPv4 address for enp7s0:  10.0.0.2
  IPv4 address for eth0:    49.13.16.214
  IPv6 address for eth0:    2a01:4f8:c012:4d0c::1

 * Strictly confined Kubernetes makes edge and IoT secure. Learn how MicroK8s
   just raised the bar for easy, resilient and secure K8s cluster deployment.

   https://ubuntu.com/engage/secure-kubernetes-at-the-edge

Expanded Security Maintenance for Applications is not enabled.

54 updates can be applied immediately.
To see these additional updates run: apt list --upgradable

Enable ESM Apps to receive additional future security updates.
See https://ubuntu.com/esm or run: sudo pro status


*** System restart required ***
2023.08.24 17:49: Drop scylla snapshots to clear not used disk space...
Clearing snapshots on Node: DBNode1
Requested clearing snapshot(s) for [all keyspaces]
Clearing snapshots on Node: DBNode2
Requested clearing snapshot(s) for [all keyspaces]
Clearing snapshots on Node: DBNode3
Requested clearing snapshot(s) for [all keyspaces]
2023.08.24 17:49: Drop airc-backoffice2 container...
bo-alpha
bo-alpha
bo-alpha
Container bo-alpha removed remotely.
2023.08.24 17:49: Update airc-backoffice2 image...
alpha: Pulling from untillpro/airc-backoffice2
Digest: sha256:b41015997f9003b2675c70ae597873c502b2fe416147b412e82cd8cb5aec9d13
Status: Image is up to date for untillpro/airc-backoffice2:alpha
docker.io/untillpro/airc-backoffice2:alpha
2023.08.24 17:49: Deploy airc-backoffice2 image...
0eecea86f77c2e6d5e68153c19f5222792f3f794b7c7f4eb86fc27e89686b240
2023.08.24 17:49: Drop airs-bp container...
airs-bp
airs-bp
airs-bp
Container airs-bp removed remotely.
2023.08.24 17:49: pkill airs-bp process...
2023.08.24 17:49: Copy secrets...
2023.08.24 17:49: Prepare and run airs-bp container...
2023.08.24 17:49: Update airs-bp image...
alpha: Pulling from untillpro/airs-bp
Digest: sha256:bfa0ded9afa945a9eff761944abebb82c11408854636acec1b2303e55ed59b21
Status: Image is up to date for untillpro/airs-bp:alpha
docker.io/untillpro/airs-bp:alpha
2023.08.24 17:49: Deploy airs-bp container image...
741a95c4f7bb688108fdb404d91fce9e185396fec568a49812de41aba36237d7
2023.08.24 17:49: airs-bp started, wait for airs-bp initialization..
2023.08.24 17:49: Still wait for Air initialization..
2023.08.24 17:50: Still wait for Air initialization..
2023.08.24 17:50: Still wait for Air initialization..
2023.08.24 17:50: Air initialization success
2023.08.24 17:50: Air service is up!
2023.08.24 17:50: Get secretKeyJWT from AppNode service...
2023.08.24 17:50: Secret key installed with success.
2023.08.24 17:50: Drop abomber container...
Container abomber not found locally.
2023.08.24 17:50: pkill abomber executable...
2023.08.24 17:50: Update abomber container image...
alpha: Pulling from untillpro/abomber
Digest: sha256:b1f83b29cedbd5014ca92ac3b76eae2e45f7e8dd48c4f484d1edf92b589f8a28
Status: Image is up to date for untillpro/abomber:alpha
docker.io/untillpro/abomber:alpha
2023.08.24 17:50: Prepare result folders...
2023.08.24 17:50: Save airs-bp version...
2023.08.24 17:50: Save scylla.yaml...
2023.08.24 17:50: Iterate over Scylla nodes and store dc configs...
2023.08.24 17:50: abomber init, using container...
error: request failed: unexpected status code 500, request url: http://AppNode/api/untill/airs-bp/140737488486399/c.sys.CUD, payload: {AppName:untill/airs-bp ClusterURL:http://AppNode EndPoint:c.sys.CUD WSID:140737488486399 Payload:{Cuds:[{SysID:0 Fields:{SysID:1 SysQName:air.UserProfile Email:eyJhbGciOiJIUzI1NiIsInR5cCI6IkpXVCJ9.eyJBcHBRTmFtZSI6InVudGlsbC9haXJzLWJwIiwiRHVyYXRpb24iOjYwMDAwMDAwMDAwMCwiRW50aXR5IjoiYWlyLlVzZXJQcm9maWxlIiwiRmllbGQiOiJFbWFpbCIsIklEIjowLCJJc3N1ZWRBdCI6IjIwMjMtMDgtMjRUMTc6NTA6MTYuNDU4OTI5MTA3WiIsIlZhbHVlIjoiMTIzQDEyMy5jb20iLCJWZXJpZmljYXRpb25LaW5kIjoiVmVyaWZpY2F0aW9uS2luZF9FTWFpbCIsIldTSUQiOjE0MDczNzQ4ODQ4NjM5OSwiYXVkIjoicGF5bG9hZHMuVmVyaWZpZWRWYWx1ZVBheWxvYWQiLCJleHAiOjE2OTI5MDAwMTYsImlhdCI6MTY5Mjg5OTQxNn0.bIzdKVQWhE2NvrEw7fYw5d62l2ZvyTWWCh6jYmD4T2Y Country:NL}}]}}, response: {"sys.Error":{"HTTPStatus":500,"Message":"signature is invalid"}}
