Set up traps...
ssh-agent started  and private key present.
Recreate keyspaces for Air...
Wait for Scylla to start on DBNode1...
3
Scylla cluster ready
Create keyspaces...
Welcome to Ubuntu 22.04.2 LTS (GNU/Linux 5.15.0-70-generic x86_64)

 * Documentation:  https://help.ubuntu.com
 * Management:     https://landscape.canonical.com
 * Support:        https://ubuntu.com/advantage

  System information as of Thu Aug 10 07:10:24 PM UTC 2023

  System load:              0.26123046875
  Usage of /:               12.5% of 149.92GB
  Memory usage:             93%
  Swap usage:               0%
  Processes:                165
  Users logged in:          0
  IPv4 address for docker0: 172.17.0.1
  IPv4 address for enp7s0:  10.0.0.2
  IPv4 address for eth0:    49.13.16.214
  IPv6 address for eth0:    2a01:4f8:c012:4d0c::1

 * Strictly confined Kubernetes makes edge and IoT secure. Learn how MicroK8s
   just raised the bar for easy, resilient and secure K8s cluster deployment.

   https://ubuntu.com/engage/secure-kubernetes-at-the-edge

Expanded Security Maintenance for Applications is not enabled.

51 updates can be applied immediately.
To see these additional updates run: apt list --upgradable

Enable ESM Apps to receive additional future security updates.
See https://ubuntu.com/esm or run: sudo pro status


*** System restart required ***
Drop scylla snapshots to clear not used disk space...
Clearing snapshots on Node: DBNode1
Requested clearing snapshot(s) for [all keyspaces]
Clearing snapshots on Node: DBNode2
Requested clearing snapshot(s) for [all keyspaces]
Clearing snapshots on Node: DBNode3
Requested clearing snapshot(s) for [all keyspaces]
Drop airc-backoffice2 container...
bo-alpha
bo-alpha
bo-alpha
Container bo-alpha removed remotely.
Update airc-backoffice2 image...
alpha: Pulling from untillpro/airc-backoffice2
Digest: sha256:952b1c8594cc13222fa3e4d28fb1cfc029ebf1ca4a8d29e4116f2a43f610725f
Status: Image is up to date for untillpro/airc-backoffice2:alpha
docker.io/untillpro/airc-backoffice2:alpha
Deploy airc-backoffice2 image...
7620386db48349fb67a6d866fa4e5da14370c123007f976799abcf18caddd75c
Drop airs-bp container...
airs-bp
airs-bp
Container airs-bp removed remotely.
pkill airs-bp process...
Prepare and run airs-bp container...
Update airs-bp image...
alpha: Pulling from untillpro/airs-bp
Digest: sha256:f8086d6007b60696b284a020b802d5a1248f1e9718eb1490c0d84bc5c025b4b8
Status: Image is up to date for untillpro/airs-bp:alpha
docker.io/untillpro/airs-bp:alpha
Deploy airs-bp container image...
02d444e536108e3321bf4cf86dd4175edec60d2e2df501f185c1dbd0c9ffd4f2
Copy secrets...
Run airs-bp...
BP3 started
Wait for airs-bp initialization..
Still wait for Air initialization..
Still wait for Air initialization..
Still wait for Air initialization..
Air initialization success
Air service is up!
Get secretKeyJWT from AppNode service...
Secret key installed with success.
Drop abomber container...
bomber
bomber
Container bomber removed locally.
pkill abomber executable...
Update abomber container image...
alpha: Pulling from untillpro/abomber
Digest: sha256:71bf339f6a521e6896b7252829badeddbbf1470e848905f5b04b4ce7ca495620
Status: Image is up to date for untillpro/abomber:alpha
docker.io/untillpro/abomber:alpha
Prepare result folders...
Save airs-bp version...
Save scylla.yaml...
Iterate over Scylla nodes and store dc configs...
abomber init, using container...
Fork wait_and_get_profiles...
abomber sales, using container...
Sleep 1m...
Get debug info.
profile
08/10 19:13:00.195: ===: [main.salesGoroutine:78]: sales created in workspace 140737488486400 for day 0
Save and process profiles...
Done!
/root/tmp/inv-pull is a git repo, will try to commit and push, ref. git.log for details, adiós!
