2023.08.24 18:07.497 Set up traps...
ssh-agent started  and private key present.
2023.08.24 18:07.502 Arguments:
2023.08.24 18:07.506   env_LOGNAME=root
2023.08.24 18:07.510   env_RESULTS_FOLDER=/root/tmp/inv-pull
2023.08.24 18:07.514   env_NUMLOGINS=1
2023.08.24 18:07.518   env_QP=1
2023.08.24 18:07.522   env_CP=1
2023.08.24 18:07.525   env_DC=dc1
2023.08.24 18:07.529   env_DURATION=2m
2023.08.24 18:07.533   env_OPERDAY=2000
2023.08.24 18:07.537   env_SOURCES_FOLDER=/root/sources
2023.08.24 18:07.540   env_BP3_COMMIT=
2023.08.24 18:07.544   env_ABOMBER_COMMIT=
2023.08.24 18:07.548   const_RESULT_FOLDER=/root/tmp/inv-pull/202308241807
2023.08.24 18:07.552   parent_of_RESULT_FOLDER=/root/tmp/inv-pull
2023.08.24 18:07.556   const_ERROR_FILE=/root/tmp/inv-pull/202308241807/error.txt
2023.08.24 18:07.560   const_STDOUT_FILE=/root/tmp/inv-pull/202308241807/bash.log
2023.08.24 18:07.564   const_SCYLLA_NODES=DBNode1,DBNode2,DBNode3
2023.08.24 18:07.568   const_BP_NODE=AppNode
2023.08.24 18:07.572   const_BP3_EXEC_IMAGE_NAME=airs-bp
2023.08.24 18:07.576   const_BP3_LOG=airs-bp_log.txt
2023.08.24 18:07.580   const_ABOMBER_EXEC_IMAGE=abomber
2023.08.24 18:07.613 Recreate keyspaces for Air...
Wait for Scylla to start on DBNode1...
3
Scylla cluster ready
Create keyspaces...
Welcome to Ubuntu 22.04.2 LTS (GNU/Linux 5.15.0-70-generic x86_64)

 * Documentation:  https://help.ubuntu.com
 * Management:     https://landscape.canonical.com
 * Support:        https://ubuntu.com/advantage

  System information as of Thu Aug 24 06:07:09 PM UTC 2023

  System load:              0.474609375
  Usage of /:               55.0% of 149.92GB
  Memory usage:             93%
  Swap usage:               0%
  Processes:                161
  Users logged in:          0
  IPv4 address for docker0: 172.17.0.1
  IPv4 address for enp7s0:  10.0.0.2
  IPv4 address for eth0:    49.13.16.214
  IPv6 address for eth0:    2a01:4f8:c012:4d0c::1

 * Strictly confined Kubernetes makes edge and IoT secure. Learn how MicroK8s
   just raised the bar for easy, resilient and secure K8s cluster deployment.

   https://ubuntu.com/engage/secure-kubernetes-at-the-edge

Expanded Security Maintenance for Applications is not enabled.

54 updates can be applied immediately.
To see these additional updates run: apt list --upgradable

Enable ESM Apps to receive additional future security updates.
See https://ubuntu.com/esm or run: sudo pro status


*** System restart required ***
2023.08.24 18:07.282 Drop scylla snapshots to clear not used disk space...
Clearing snapshots on Node: DBNode1
Requested clearing snapshot(s) for [all keyspaces]
Clearing snapshots on Node: DBNode2
Requested clearing snapshot(s) for [all keyspaces]
Clearing snapshots on Node: DBNode3
Requested clearing snapshot(s) for [all keyspaces]
2023.08.24 18:07.025 Drop airc-backoffice2 container...
bo-alpha
bo-alpha
bo-alpha
Container bo-alpha removed remotely.
2023.08.24 18:07.817 Update airc-backoffice2 image...
alpha: Pulling from untillpro/airc-backoffice2
Digest: sha256:b41015997f9003b2675c70ae597873c502b2fe416147b412e82cd8cb5aec9d13
Status: Image is up to date for untillpro/airc-backoffice2:alpha
docker.io/untillpro/airc-backoffice2:alpha
2023.08.24 18:07.107 Deploy airc-backoffice2 image...
9d6728eb63a31986e7a972184b789a19dfc5cd102d89b38e744e1c8552ead993
2023.08.24 18:07.881 Drop airs-bp container...
airs-bp
airs-bp
airs-bp
Container airs-bp removed remotely.
2023.08.24 18:07.863 pkill airs-bp process...
2023.08.24 18:07.137 Copy secrets...
2023.08.24 18:07.424 Prepare and run airs-bp container...
2023.08.24 18:07.428 Update airs-bp image...
alpha: Pulling from untillpro/airs-bp
Digest: sha256:bfa0ded9afa945a9eff761944abebb82c11408854636acec1b2303e55ed59b21
Status: Image is up to date for untillpro/airs-bp:alpha
docker.io/untillpro/airs-bp:alpha
2023.08.24 18:07.655 Deploy airs-bp container image...
834c63e399daecbb2b74603e14568ff4d28e1e25d7a13e87584f1ebb1c65ce3c
2023.08.24 18:07.098 airs-bp started, wait for airs-bp initialization..
2023.08.24 18:07.121 Still wait for Air initialization..
2023.08.24 18:07.144 Still wait for Air initialization..
2023.08.24 18:07.167 Still wait for Air initialization..
2023.08.24 18:07.190 Air initialization success
2023.08.24 18:07.193 Air service is up!
2023.08.24 18:07.197 Get secretKeyJWT from AppNode service...
2023.08.24 18:07.652 Secret key installed with success.
2023.08.24 18:07.656 Drop abomber container...
Container abomber not found locally.
2023.08.24 18:07.747 pkill abomber executable...
2023.08.24 18:07.762 Update abomber container image...
alpha: Pulling from untillpro/abomber
Digest: sha256:b1f83b29cedbd5014ca92ac3b76eae2e45f7e8dd48c4f484d1edf92b589f8a28
Status: Image is up to date for untillpro/abomber:alpha
docker.io/untillpro/abomber:alpha
2023.08.24 18:07.796 Prepare result folders...
2023.08.24 18:07.807 Save airs-bp version...
2023.08.24 18:07.081 Save scylla.yaml...
2023.08.24 18:07.504 Iterate over Scylla nodes and store dc configs...
2023.08.24 18:07.015 abomber init, using container...
2023.08.24 18:07.080 Fork wait_and_get_profiles...
2023.08.24 18:07.084 abomber sales, using container...
2023.08.24 18:07.086 Sleep 1m...
2023.08.24 18:08.094 Get debug info.
2023.08.24 18:09.189 profile
2023.08.24 18:09.495 Save and process profiles...
2023.08.24 18:09.676 Performance test is done
2023.08.24 18:09.680 Ref. git.log for details about commit and push
