Set up traps...
ssh-agent started  and private key present.
Recreate keyspaces for Air...
Wait for Scylla to start on DBNode1...
3
Scylla cluster ready
Create keyspaces...
Welcome to Ubuntu 22.04.2 LTS (GNU/Linux 5.15.0-70-generic x86_64)

 * Documentation:  https://help.ubuntu.com
 * Management:     https://landscape.canonical.com
 * Support:        https://ubuntu.com/advantage

  System information as of Thu Aug 24 05:59:10 PM UTC 2023

  System load:              0.3583984375
  Usage of /:               55.0% of 149.92GB
  Memory usage:             93%
  Swap usage:               0%
  Processes:                163
  Users logged in:          0
  IPv4 address for docker0: 172.17.0.1
  IPv4 address for enp7s0:  10.0.0.2
  IPv4 address for eth0:    49.13.16.214
  IPv6 address for eth0:    2a01:4f8:c012:4d0c::1

 * Strictly confined Kubernetes makes edge and IoT secure. Learn how MicroK8s
   just raised the bar for easy, resilient and secure K8s cluster deployment.

   https://ubuntu.com/engage/secure-kubernetes-at-the-edge

Expanded Security Maintenance for Applications is not enabled.

54 updates can be applied immediately.
To see these additional updates run: apt list --upgradable

Enable ESM Apps to receive additional future security updates.
See https://ubuntu.com/esm or run: sudo pro status


*** System restart required ***
Drop scylla snapshots to clear not used disk space...
Clearing snapshots on Node: DBNode1
Requested clearing snapshot(s) for [all keyspaces]
Clearing snapshots on Node: DBNode2
Requested clearing snapshot(s) for [all keyspaces]
Clearing snapshots on Node: DBNode3
Requested clearing snapshot(s) for [all keyspaces]
Drop airc-backoffice2 container...
bo-alpha
bo-alpha
bo-alpha
Container bo-alpha removed remotely.
Update airc-backoffice2 image...
alpha: Pulling from untillpro/airc-backoffice2
Digest: sha256:b41015997f9003b2675c70ae597873c502b2fe416147b412e82cd8cb5aec9d13
Status: Image is up to date for untillpro/airc-backoffice2:alpha
docker.io/untillpro/airc-backoffice2:alpha
Deploy airc-backoffice2 image...
92598cb7f97a4614cb70a4e2fd51ed75a5ce172eeb3d2fe592222d881a12426f
Drop airs-bp container...
airs-bp
airs-bp
airs-bp
Container airs-bp removed remotely.
pkill airs-bp process...
Copy secrets...
Prepare and run airs-bp container...
Update airs-bp image...
alpha: Pulling from untillpro/airs-bp
Digest: sha256:bfa0ded9afa945a9eff761944abebb82c11408854636acec1b2303e55ed59b21
Status: Image is up to date for untillpro/airs-bp:alpha
docker.io/untillpro/airs-bp:alpha
Deploy airs-bp container image...
21cec42417693d13caf7c3210e8ea19dcb7207d7eecce4f3d98d5e9b76ae3267
airs-bp started, wait for airs-bp initialization..
Still wait for Air initialization..
Still wait for Air initialization..
Still wait for Air initialization..
Air initialization success
Air service is up!
Get secretKeyJWT from AppNode service...
Secret key installed with success.
Drop abomber container...
Container abomber not found locally.
pkill abomber executable...
Update abomber container image...
alpha: Pulling from untillpro/abomber
Digest: sha256:b1f83b29cedbd5014ca92ac3b76eae2e45f7e8dd48c4f484d1edf92b589f8a28
Status: Image is up to date for untillpro/abomber:alpha
docker.io/untillpro/abomber:alpha
Prepare result folders...
Save airs-bp version...
Save scylla.yaml...
Iterate over Scylla nodes and store dc configs...
abomber init, using container...
Fork wait_and_get_profiles...
Sleep 1m...
abomber sales, using container...
Get debug info.
profile
