Try to use /root/tmp/inv-pull/202308091542 as a result folder...
Connect libraries...
ssh-agent started  and private key present.
Recreate keyspaces for Air...
Wait for Scylla to start on DBNode1...
3
Scylla cluster ready
Create keyspaces...
Welcome to Ubuntu 22.04.2 LTS (GNU/Linux 5.15.0-70-generic x86_64)

 * Documentation:  https://help.ubuntu.com
 * Management:     https://landscape.canonical.com
 * Support:        https://ubuntu.com/advantage

  System information as of Wed Aug  9 03:42:25 PM UTC 2023

  System load:              0.6748046875
  Usage of /:               12.5% of 149.92GB
  Memory usage:             93%
  Swap usage:               0%
  Processes:                156
  Users logged in:          0
  IPv4 address for docker0: 172.17.0.1
  IPv4 address for enp7s0:  10.0.0.2
  IPv4 address for eth0:    49.13.16.214
  IPv6 address for eth0:    2a01:4f8:c012:4d0c::1

 * Strictly confined Kubernetes makes edge and IoT secure. Learn how MicroK8s
   just raised the bar for easy, resilient and secure K8s cluster deployment.

   https://ubuntu.com/engage/secure-kubernetes-at-the-edge

Expanded Security Maintenance for Applications is not enabled.

51 updates can be applied immediately.
To see these additional updates run: apt list --upgradable

Enable ESM Apps to receive additional future security updates.
See https://ubuntu.com/esm or run: sudo pro status


*** System restart required ***
Drop scylla snapshots to clear not used disk space...
Clearing snapshots on Node: DBNode1
Requested clearing snapshot(s) for [all keyspaces]
Clearing snapshots on Node: DBNode2
Requested clearing snapshot(s) for [all keyspaces]
Clearing snapshots on Node: DBNode3
Requested clearing snapshot(s) for [all keyspaces]
Drop airc-backoffice2 container...
bo-alpha
bo-alpha
bo-alpha
Container bo-alpha removed remotely.
Update airc-backoffice2 image...
alpha: Pulling from untillpro/airc-backoffice2
Digest: sha256:952b1c8594cc13222fa3e4d28fb1cfc029ebf1ca4a8d29e4116f2a43f610725f
Status: Image is up to date for untillpro/airc-backoffice2:alpha
docker.io/untillpro/airc-backoffice2:alpha
Deploy airc-backoffice2 image...
c0e2f2d5348a1e922be4efbb5abac551c86b25def67dac760c2c4c67f81dcdfa
Drop airs-bp container...
Container airs-bp not found remotely.
pkill airs-bp process...
Prepare and run airs-bp executable...
Build airs-bp from sources, commit=43399a77d3c78f0b4e15ec5c5a252cdb8178e167...
HEAD is now at 43399a77 update voedger dependency
Checking out commit 43399a77d3c78f0b4e15ec5c5a252cdb8178e167...
HEAD is now at 43399a77 update voedger dependency
The executable airs-bp has been created in /root/sources
Upload airs-bp executable image to AppNode...
Copy secrets...
Run airs-bp...
BP3 started
Wait for airs-bp initialization..
Still wait for Air initialization..
Still wait for Air initialization..
Still wait for Air initialization..
Air initialization success
Air service is up!
Get secretKeyJWT from AppNode service...
Secret key installed with success.
Drop abomber container...
Container bomber not found locally.
pkill abomber executable...
Build abomber from sources, commit=5a9154bd98ab160f5c87e988fd2572d50ca4766c...
HEAD is now at 5a9154b Update perftest-runner.sh
Checking out commit 5a9154bd98ab160f5c87e988fd2572d50ca4766c...
HEAD is now at 5a9154b Update perftest-runner.sh
The executable abomber has been created in /root/sources
Prepare result folders...
Save airs-bp version...
Save scylla.yaml...
Iterate over Scylla nodes and store dc configs...
abomber init, using executable...
Fork wait_and_get_profiles...
abomber sales, using executable...
Sleep 1m...
Get debug info.
profile
08/09 15:45:04.844: ===: [main.salesGoroutine:78]: sales created in workspace 140737488486400 for day 0
Save and process profiles...
Commit and push /root/tmp/inv-pull/202308091542 to git...
Already up to date.
