Set up traps...
ssh-agent started  and private key present.
Recreate keyspaces for Air...
Wait for Scylla to start on DBNode1...
3
Scylla cluster ready
Create keyspaces...
Welcome to Ubuntu 22.04.2 LTS (GNU/Linux 5.15.0-70-generic x86_64)

 * Documentation:  https://help.ubuntu.com
 * Management:     https://landscape.canonical.com
 * Support:        https://ubuntu.com/advantage

  System information as of Sat Aug 12 01:05:34 PM UTC 2023

  System load:              0.30322265625
  Usage of /:               35.3% of 149.92GB
  Memory usage:             93%
  Swap usage:               0%
  Processes:                157
  Users logged in:          0
  IPv4 address for docker0: 172.17.0.1
  IPv4 address for enp7s0:  10.0.0.2
  IPv4 address for eth0:    49.13.16.214
  IPv6 address for eth0:    2a01:4f8:c012:4d0c::1

 * Strictly confined Kubernetes makes edge and IoT secure. Learn how MicroK8s
   just raised the bar for easy, resilient and secure K8s cluster deployment.

   https://ubuntu.com/engage/secure-kubernetes-at-the-edge

Expanded Security Maintenance for Applications is not enabled.

51 updates can be applied immediately.
To see these additional updates run: apt list --upgradable

Enable ESM Apps to receive additional future security updates.
See https://ubuntu.com/esm or run: sudo pro status


*** System restart required ***
Drop scylla snapshots to clear not used disk space...
Clearing snapshots on Node: DBNode1
Requested clearing snapshot(s) for [all keyspaces]
Clearing snapshots on Node: DBNode2
Requested clearing snapshot(s) for [all keyspaces]
Clearing snapshots on Node: DBNode3
Requested clearing snapshot(s) for [all keyspaces]
Drop airc-backoffice2 container...
bo-alpha
bo-alpha
bo-alpha
Container bo-alpha removed remotely.
Update airc-backoffice2 image...
alpha: Pulling from untillpro/airc-backoffice2
Digest: sha256:952b1c8594cc13222fa3e4d28fb1cfc029ebf1ca4a8d29e4116f2a43f610725f
Status: Image is up to date for untillpro/airc-backoffice2:alpha
docker.io/untillpro/airc-backoffice2:alpha
Deploy airc-backoffice2 image...
4e46373aabc1058965e3c336087a4468f4b2861cbdfe4787e93c657705a4d791
Drop airs-bp container...
airs-bp
airs-bp
airs-bp
Container airs-bp removed remotely.
pkill airs-bp process...
Prepare and run airs-bp container...
Update airs-bp image...
alpha: Pulling from untillpro/airs-bp
Digest: sha256:f334d0952841daf155e5dc85aa557f6bf7858263955a06b6d1b2ed0f06c57e49
Status: Image is up to date for untillpro/airs-bp:alpha
docker.io/untillpro/airs-bp:alpha
Deploy airs-bp container image...
a4aafada073cc0ca80f8622d148da2f2b89bd7a798ea03f700bb45b168f7b66e
Copy secrets...
Run airs-bp...
BP3 started
Wait for airs-bp initialization..
Still wait for Air initialization..
Still wait for Air initialization..
Still wait for Air initialization..
Air initialization success
Air service is up!
Get secretKeyJWT from AppNode service...
Secret key installed with success.
Drop abomber container...
Container abomber not found locally.
pkill abomber executable...
Update abomber container image...
alpha: Pulling from untillpro/abomber
Digest: sha256:71bf339f6a521e6896b7252829badeddbbf1470e848905f5b04b4ce7ca495620
Status: Image is up to date for untillpro/abomber:alpha
docker.io/untillpro/abomber:alpha
Prepare result folders...
Save airs-bp version...
Save scylla.yaml...
Iterate over Scylla nodes and store dc configs...
abomber init, using container...
Fork wait_and_get_profiles...
Sleep 1m...
abomber sales, using container...
Get debug info.
profile
08/12 13:08:15.080: ===: [main.salesGoroutine:78]: sales created in workspace 140737488486400 for day 0
Save and process profiles...
Done!
/root/tmp/inv-pull is a git repo, will try to commit and push, ref. git.log for details, adiós!
