2023/08/26 19:00.056 Set up traps...
ssh-agent started  and private key present.
2023/08/26 19:00.060 Environment:
  env_LOGNAME=root
  env_RESULTS_FOLDER=/root/tmp/inv-pull
  env_NUMLOGINS=1
  env_QP=1
  env_CP=1
  env_DC=dc1
  env_DURATION=2m
  env_OPERDAY=2000
  env_SOURCES_FOLDER=/root/sources
  env_BP3_COMMIT=
  env_ABOMBER_COMMIT=
  const_RESULT_FOLDER=/root/tmp/inv-pull/202308261900
  parent_of_RESULT_FOLDER=/root/tmp/inv-pull
  const_ERROR_FILE=/root/tmp/inv-pull/202308261900/error.txt
  const_STDOUT_FILE=/root/tmp/inv-pull/202308261900/bash.log
  const_SCYLLA_NODES=DBNode1,DBNode2,DBNode3
  const_BP_NODE=AppNode
  const_BP3_EXEC_IMAGE_NAME=airs-bp
  const_BP3_LOG=airs-bp_log.txt
  const_ABOMBER_EXEC_IMAGE=abomber
2023/08/26 19:00.094 Recreate keyspaces for Air...
Wait for Scylla to start on DBNode1...
3
Scylla cluster ready
Create keyspaces...
Welcome to Ubuntu 22.04.2 LTS (GNU/Linux 5.15.0-70-generic x86_64)

 * Documentation:  https://help.ubuntu.com
 * Management:     https://landscape.canonical.com
 * Support:        https://ubuntu.com/advantage

  System information as of Sat Aug 26 07:00:03 PM UTC 2023

  System load:              0.576171875
  Usage of /:               55.1% of 149.92GB
  Memory usage:             93%
  Swap usage:               0%
  Processes:                159
  Users logged in:          0
  IPv4 address for docker0: 172.17.0.1
  IPv4 address for enp7s0:  10.0.0.2
  IPv4 address for eth0:    49.13.16.214
  IPv6 address for eth0:    2a01:4f8:c012:4d0c::1

 * Strictly confined Kubernetes makes edge and IoT secure. Learn how MicroK8s
   just raised the bar for easy, resilient and secure K8s cluster deployment.

   https://ubuntu.com/engage/secure-kubernetes-at-the-edge

Expanded Security Maintenance for Applications is not enabled.

60 updates can be applied immediately.
To see these additional updates run: apt list --upgradable

Enable ESM Apps to receive additional future security updates.
See https://ubuntu.com/esm or run: sudo pro status


*** System restart required ***
2023/08/26 19:00.369 Drop scylla snapshots to clear not used disk space...
Clearing snapshots on Node: DBNode1
Requested clearing snapshot(s) for [all keyspaces]
Clearing snapshots on Node: DBNode2
Requested clearing snapshot(s) for [all keyspaces]
Clearing snapshots on Node: DBNode3
Requested clearing snapshot(s) for [all keyspaces]
2023/08/26 19:00.603 Drop airc-backoffice2 container...
bo-alpha
bo-alpha
Error: No such container: bo-alpha
