date: extra operand ‘+%Y.%m.%d %H:%M.%3N’
Try 'date --help' for more information.
 Set up traps...
ssh-agent started  and private key present.
date: extra operand ‘+%Y.%m.%d %H:%M.%3N’
Try 'date --help' for more information.
date: extra operand ‘+%Y.%m.%d %H:%M.%3N’
Try 'date --help' for more information.
 Arguments:
date: extra operand ‘+%Y.%m.%d %H:%M.%3N’
Try 'date --help' for more information.
date: extra operand ‘+%Y.%m.%d %H:%M.%3N’
Try 'date --help' for more information.
   env_LOGNAME=root
date: extra operand ‘+%Y.%m.%d %H:%M.%3N’
Try 'date --help' for more information.
date: extra operand ‘+%Y.%m.%d %H:%M.%3N’
Try 'date --help' for more information.
   env_RESULTS_FOLDER=/root/tmp/inv-pull
date: extra operand ‘+%Y.%m.%d %H:%M.%3N’
Try 'date --help' for more information.
date: extra operand ‘+%Y.%m.%d %H:%M.%3N’
Try 'date --help' for more information.
   env_NUMLOGINS=1
date: extra operand ‘+%Y.%m.%d %H:%M.%3N’
Try 'date --help' for more information.
date: extra operand ‘+%Y.%m.%d %H:%M.%3N’
Try 'date --help' for more information.
   env_QP=1
date: extra operand ‘+%Y.%m.%d %H:%M.%3N’
Try 'date --help' for more information.
date: extra operand ‘+%Y.%m.%d %H:%M.%3N’
Try 'date --help' for more information.
   env_CP=1
date: extra operand ‘+%Y.%m.%d %H:%M.%3N’
Try 'date --help' for more information.
date: extra operand ‘+%Y.%m.%d %H:%M.%3N’
Try 'date --help' for more information.
   env_DC=dc1
date: extra operand ‘+%Y.%m.%d %H:%M.%3N’
Try 'date --help' for more information.
date: extra operand ‘+%Y.%m.%d %H:%M.%3N’
Try 'date --help' for more information.
   env_DURATION=2m
date: extra operand ‘+%Y.%m.%d %H:%M.%3N’
Try 'date --help' for more information.
date: extra operand ‘+%Y.%m.%d %H:%M.%3N’
Try 'date --help' for more information.
   env_OPERDAY=2000
date: extra operand ‘+%Y.%m.%d %H:%M.%3N’
Try 'date --help' for more information.
date: extra operand ‘+%Y.%m.%d %H:%M.%3N’
Try 'date --help' for more information.
   env_SOURCES_FOLDER=/root/sources
date: extra operand ‘+%Y.%m.%d %H:%M.%3N’
Try 'date --help' for more information.
date: extra operand ‘+%Y.%m.%d %H:%M.%3N’
Try 'date --help' for more information.
   env_BP3_COMMIT=
date: extra operand ‘+%Y.%m.%d %H:%M.%3N’
Try 'date --help' for more information.
date: extra operand ‘+%Y.%m.%d %H:%M.%3N’
Try 'date --help' for more information.
   env_ABOMBER_COMMIT=
date: extra operand ‘+%Y.%m.%d %H:%M.%3N’
Try 'date --help' for more information.
date: extra operand ‘+%Y.%m.%d %H:%M.%3N’
Try 'date --help' for more information.
   const_RESULT_FOLDER=/root/tmp/inv-pull/202308241756
date: extra operand ‘+%Y.%m.%d %H:%M.%3N’
Try 'date --help' for more information.
date: extra operand ‘+%Y.%m.%d %H:%M.%3N’
Try 'date --help' for more information.
   parent_of_RESULT_FOLDER=/root/tmp/inv-pull
date: extra operand ‘+%Y.%m.%d %H:%M.%3N’
Try 'date --help' for more information.
date: extra operand ‘+%Y.%m.%d %H:%M.%3N’
Try 'date --help' for more information.
   const_ERROR_FILE=/root/tmp/inv-pull/202308241756/error.txt
date: extra operand ‘+%Y.%m.%d %H:%M.%3N’
Try 'date --help' for more information.
date: extra operand ‘+%Y.%m.%d %H:%M.%3N’
Try 'date --help' for more information.
   const_STDOUT_FILE=/root/tmp/inv-pull/202308241756/bash.log
date: extra operand ‘+%Y.%m.%d %H:%M.%3N’
Try 'date --help' for more information.
date: extra operand ‘+%Y.%m.%d %H:%M.%3N’
Try 'date --help' for more information.
   const_SCYLLA_NODES=DBNode1,DBNode2,DBNode3
date: extra operand ‘+%Y.%m.%d %H:%M.%3N’
Try 'date --help' for more information.
date: extra operand ‘+%Y.%m.%d %H:%M.%3N’
Try 'date --help' for more information.
   const_BP_NODE=AppNode
date: extra operand ‘+%Y.%m.%d %H:%M.%3N’
Try 'date --help' for more information.
date: extra operand ‘+%Y.%m.%d %H:%M.%3N’
Try 'date --help' for more information.
   const_BP3_EXEC_IMAGE_NAME=airs-bp
date: extra operand ‘+%Y.%m.%d %H:%M.%3N’
Try 'date --help' for more information.
date: extra operand ‘+%Y.%m.%d %H:%M.%3N’
Try 'date --help' for more information.
   const_BP3_LOG=airs-bp_log.txt
date: extra operand ‘+%Y.%m.%d %H:%M.%3N’
Try 'date --help' for more information.
date: extra operand ‘+%Y.%m.%d %H:%M.%3N’
Try 'date --help' for more information.
   const_ABOMBER_EXEC_IMAGE=abomber
date: extra operand ‘+%Y.%m.%d %H:%M.%3N’
Try 'date --help' for more information.
date: extra operand ‘+%Y.%m.%d %H:%M.%3N’
Try 'date --help' for more information.
date: extra operand ‘+%Y.%m.%d %H:%M.%3N’
Try 'date --help' for more information.
date: extra operand ‘+%Y.%m.%d %H:%M.%3N’
Try 'date --help' for more information.
 Recreate keyspaces for Air...
Wait for Scylla to start on DBNode1...
3
Scylla cluster ready
Create keyspaces...
Welcome to Ubuntu 22.04.2 LTS (GNU/Linux 5.15.0-70-generic x86_64)

 * Documentation:  https://help.ubuntu.com
 * Management:     https://landscape.canonical.com
 * Support:        https://ubuntu.com/advantage

  System information as of Thu Aug 24 05:56:37 PM UTC 2023

  System load:              0.6337890625
  Usage of /:               55.0% of 149.92GB
  Memory usage:             93%
  Swap usage:               0%
  Processes:                157
  Users logged in:          0
  IPv4 address for docker0: 172.17.0.1
  IPv4 address for enp7s0:  10.0.0.2
  IPv4 address for eth0:    49.13.16.214
  IPv6 address for eth0:    2a01:4f8:c012:4d0c::1

 * Strictly confined Kubernetes makes edge and IoT secure. Learn how MicroK8s
   just raised the bar for easy, resilient and secure K8s cluster deployment.

   https://ubuntu.com/engage/secure-kubernetes-at-the-edge

Expanded Security Maintenance for Applications is not enabled.

54 updates can be applied immediately.
To see these additional updates run: apt list --upgradable

Enable ESM Apps to receive additional future security updates.
See https://ubuntu.com/esm or run: sudo pro status


*** System restart required ***
date: extra operand ‘+%Y.%m.%d %H:%M.%3N’
Try 'date --help' for more information.
date: extra operand ‘+%Y.%m.%d %H:%M.%3N’
Try 'date --help' for more information.
